<?xml version="1.0" encoding="UTF-8"?>
<testng-results skipped="0" failed="0" total="2" passed="2">
  <reporter-output>
  </reporter-output>
  <suite name="Default suite" duration-ms="59" started-at="2016-09-04T13:38:21Z" finished-at="2016-09-04T13:38:21Z">
    <groups>
    </groups>
    <test name="Default test" duration-ms="59" started-at="2016-09-04T13:38:21Z" finished-at="2016-09-04T13:38:21Z">
      <class name="Pack1.TestClass2">
        <test-method status="PASS" signature="TestClass2_Method1()[pri:0, instance:Pack1.TestClass2@5056dfcb]" name="TestClass2_Method1" duration-ms="12" started-at="2016-09-04T19:08:21Z" finished-at="2016-09-04T19:08:21Z">
          <reporter-output>
          </reporter-output>
        </test-method> <!-- TestClass2_Method1 -->
        <test-method status="PASS" signature="TestClass2_Method2()[pri:0, instance:Pack1.TestClass2@5056dfcb]" name="TestClass2_Method2" duration-ms="5" started-at="2016-09-04T19:08:21Z" finished-at="2016-09-04T19:08:21Z">
          <reporter-output>
          </reporter-output>
        </test-method> <!-- TestClass2_Method2 -->
      </class> <!-- Pack1.TestClass2 -->
    </test> <!-- Default test -->
  </suite> <!-- Default suite -->
</testng-results>
